#! /usr/bin/vvp
:ivl_version "10.1 (stable)";
:ivl_delay_selection "TYPICAL";
:vpi_time_precision - 3;
:vpi_module "system";
:vpi_module "vhdl_sys";
:vpi_module "v2005_math";
:vpi_module "va_math";
S_0x55ffbb9c3360 .scope module, "complement_tb" "complement_tb" 2 4;
 .timescale -2 -3;
v0x55ffbb9e3870_0 .var "a", 3 0;
v0x55ffbb9e3930_0 .net "abar", 3 0, L_0x55ffbb9e3a00;  1 drivers
S_0x55ffbb9c34e0 .scope module, "dut" "compliment" 2 9, 3 1 0, S_0x55ffbb9c3360;
 .timescale -2 -3;
    .port_info 0 /INPUT 4 "a"
    .port_info 1 /OUTPUT 4 "abar"
L_0x55ffbb9e3a00 .functor NOT 4, v0x55ffbb9e3870_0, C4<0000>, C4<0000>, C4<0000>;
v0x55ffbb9c36b0_0 .net "a", 3 0, v0x55ffbb9e3870_0;  1 drivers
v0x55ffbb9e3730_0 .net "abar", 3 0, L_0x55ffbb9e3a00;  alias, 1 drivers
    .scope S_0x55ffbb9c3360;
T_0 ;
    %vpi_call 2 12 "$dumpfile", "compliment.vcd" {0 0 0};
    %vpi_call 2 13 "$dumpvars", 32'sb00000000000000000000000000000000, S_0x55ffbb9c3360 {0 0 0};
    %delay 100, 0;
    %pushi/vec4 5, 0, 4;
    %store/vec4 v0x55ffbb9e3870_0, 0, 4;
    %delay 100, 0;
    %pushi/vec4 12, 0, 4;
    %store/vec4 v0x55ffbb9e3870_0, 0, 4;
    %delay 100, 0;
    %pushi/vec4 7, 0, 4;
    %store/vec4 v0x55ffbb9e3870_0, 0, 4;
    %delay 100, 0;
    %pushi/vec4 0, 0, 4;
    %store/vec4 v0x55ffbb9e3870_0, 0, 4;
    %delay 100, 0;
    %vpi_call 2 24 "$finish" {0 0 0};
    %end;
    .thread T_0;
# The file index is used to find the file name in the following table.
:file_names 4;
    "N/A";
    "<interactive>";
    "compliment_tb.v";
    "./compliment.v";
