#! /usr/bin/vvp
:ivl_version "10.1 (stable)";
:ivl_delay_selection "TYPICAL";
:vpi_time_precision - 3;
:vpi_module "system";
:vpi_module "vhdl_sys";
:vpi_module "v2005_math";
:vpi_module "va_math";
S_0x555f79abb810 .scope module, "decrement_tb" "decrement_tb" 2 4;
 .timescale -2 -3;
v0x555f79adbe00_0 .var "a", 3 0;
v0x555f79adbef0_0 .net "y", 3 0, L_0x555f79adbff0;  1 drivers
S_0x555f79abb990 .scope module, "uut" "decrement" 2 9, 3 1 0, S_0x555f79abb810;
 .timescale -2 -3;
    .port_info 0 /INPUT 4 "a"
    .port_info 1 /OUTPUT 4 "y"
L_0x7f1feb924018 .functor BUFT 1, C4<0001>, C4<0>, C4<0>, C4<0>;
v0x555f79abbb60_0 .net/2u *"_s0", 3 0, L_0x7f1feb924018;  1 drivers
v0x555f79adbc00_0 .net "a", 3 0, v0x555f79adbe00_0;  1 drivers
v0x555f79adbce0_0 .net "y", 3 0, L_0x555f79adbff0;  alias, 1 drivers
L_0x555f79adbff0 .arith/sub 4, v0x555f79adbe00_0, L_0x7f1feb924018;
    .scope S_0x555f79abb810;
T_0 ;
    %vpi_call 2 12 "$dumpfile", "decrement.vcd" {0 0 0};
    %vpi_call 2 13 "$dumpvars", 32'sb00000000000000000000000000000000, S_0x555f79abb810 {0 0 0};
    %delay 100, 0;
    %pushi/vec4 10, 0, 4;
    %store/vec4 v0x555f79adbe00_0, 0, 4;
    %delay 100, 0;
    %pushi/vec4 14, 0, 4;
    %store/vec4 v0x555f79adbe00_0, 0, 4;
    %delay 100, 0;
    %pushi/vec4 15, 0, 4;
    %store/vec4 v0x555f79adbe00_0, 0, 4;
    %delay 100, 0;
    %pushi/vec4 0, 0, 4;
    %store/vec4 v0x555f79adbe00_0, 0, 4;
    %delay 100, 0;
    %vpi_call 2 21 "$finish" {0 0 0};
    %end;
    .thread T_0;
# The file index is used to find the file name in the following table.
:file_names 4;
    "N/A";
    "<interactive>";
    "decrement_tb.v";
    "./decrement.v";
