#! /usr/bin/vvp
:ivl_version "10.1 (stable)";
:ivl_delay_selection "TYPICAL";
:vpi_time_precision - 3;
:vpi_module "system";
:vpi_module "vhdl_sys";
:vpi_module "v2005_math";
:vpi_module "va_math";
S_0x555bd766f9c0 .scope module, "eq_tb" "eq_tb" 2 4;
 .timescale -2 -3;
v0x555bd7690080_0 .var "a", 3 0;
v0x555bd7690170_0 .var "b", 3 0;
v0x555bd7690240_0 .net "y", 0 0, v0x555bd768ff60_0;  1 drivers
S_0x555bd766fb40 .scope module, "uut" "eq" 2 9, 3 1 0, S_0x555bd766f9c0;
 .timescale -2 -3;
    .port_info 0 /INPUT 4 "a"
    .port_info 1 /INPUT 4 "b"
    .port_info 2 /OUTPUT 1 "y"
v0x555bd766fd80_0 .net "a", 3 0, v0x555bd7690080_0;  1 drivers
v0x555bd768fe80_0 .net "b", 3 0, v0x555bd7690170_0;  1 drivers
v0x555bd768ff60_0 .var "y", 0 0;
E_0x555bd766b7b0 .event edge, v0x555bd766fd80_0, v0x555bd768fe80_0;
    .scope S_0x555bd766fb40;
T_0 ;
    %wait E_0x555bd766b7b0;
    %load/vec4 v0x555bd766fd80_0;
    %load/vec4 v0x555bd768fe80_0;
    %cmp/e;
    %jmp/0xz  T_0.0, 4;
    %pushi/vec4 1, 0, 1;
    %store/vec4 v0x555bd768ff60_0, 0, 1;
    %jmp T_0.1;
T_0.0 ;
    %pushi/vec4 0, 0, 1;
    %store/vec4 v0x555bd768ff60_0, 0, 1;
T_0.1 ;
    %jmp T_0;
    .thread T_0, $push;
    .scope S_0x555bd766f9c0;
T_1 ;
    %vpi_call 2 12 "$dumpfile", "eq.vcd" {0 0 0};
    %vpi_call 2 13 "$dumpvars", 32'sb00000000000000000000000000000000, S_0x555bd766f9c0 {0 0 0};
    %delay 100, 0;
    %pushi/vec4 0, 0, 4;
    %store/vec4 v0x555bd7690080_0, 0, 4;
    %pushi/vec4 0, 0, 4;
    %store/vec4 v0x555bd7690170_0, 0, 4;
    %delay 100, 0;
    %pushi/vec4 12, 0, 4;
    %store/vec4 v0x555bd7690080_0, 0, 4;
    %pushi/vec4 0, 0, 4;
    %store/vec4 v0x555bd7690170_0, 0, 4;
    %delay 100, 0;
    %pushi/vec4 2, 0, 4;
    %store/vec4 v0x555bd7690080_0, 0, 4;
    %pushi/vec4 2, 0, 4;
    %store/vec4 v0x555bd7690170_0, 0, 4;
    %delay 100, 0;
    %pushi/vec4 6, 0, 4;
    %store/vec4 v0x555bd7690080_0, 0, 4;
    %pushi/vec4 0, 0, 4;
    %store/vec4 v0x555bd7690170_0, 0, 4;
    %delay 100, 0;
    %vpi_call 2 22 "$finish" {0 0 0};
    %end;
    .thread T_1;
# The file index is used to find the file name in the following table.
:file_names 4;
    "N/A";
    "<interactive>";
    "eq_tb.v";
    "./eq.v";
