#! /usr/bin/vvp
:ivl_version "10.1 (stable)";
:ivl_delay_selection "TYPICAL";
:vpi_time_precision - 3;
:vpi_module "system";
:vpi_module "vhdl_sys";
:vpi_module "v2005_math";
:vpi_module "va_math";
S_0x561446758830 .scope module, "increment_tb" "increment_tb" 2 4;
 .timescale -2 -3;
v0x561446779280_0 .var "a", 3 0;
v0x561446779340_0 .net "cout", 0 0, L_0x561446779510;  1 drivers
v0x561446779410_0 .net "y", 3 0, L_0x561446779600;  1 drivers
S_0x5614467589b0 .scope module, "dut" "increment" 2 10, 3 1 0, S_0x561446758830;
 .timescale -2 -3;
    .port_info 0 /INPUT 4 "a"
    .port_info 1 /OUTPUT 4 "y"
    .port_info 2 /OUTPUT 1 "cout"
v0x561446758bd0_0 .net *"_s3", 4 0, L_0x561446779740;  1 drivers
L_0x7fd14685a018 .functor BUFT 1, C4<0>, C4<0>, C4<0>, C4<0>;
v0x561446778cb0_0 .net *"_s6", 0 0, L_0x7fd14685a018;  1 drivers
L_0x7fd14685a060 .functor BUFT 1, C4<00001>, C4<0>, C4<0>, C4<0>;
v0x561446778d90_0 .net/2u *"_s7", 4 0, L_0x7fd14685a060;  1 drivers
v0x561446778e50_0 .net *"_s9", 4 0, L_0x561446779880;  1 drivers
v0x561446778f30_0 .net "a", 3 0, v0x561446779280_0;  1 drivers
v0x561446779060_0 .net "cout", 0 0, L_0x561446779510;  alias, 1 drivers
v0x561446779120_0 .net "y", 3 0, L_0x561446779600;  alias, 1 drivers
L_0x561446779510 .part L_0x561446779880, 4, 1;
L_0x561446779600 .part L_0x561446779880, 0, 4;
L_0x561446779740 .concat [ 4 1 0 0], v0x561446779280_0, L_0x7fd14685a018;
L_0x561446779880 .arith/sum 5, L_0x561446779740, L_0x7fd14685a060;
    .scope S_0x561446758830;
T_0 ;
    %vpi_call 2 13 "$dumpfile", "increment.vcd" {0 0 0};
    %vpi_call 2 14 "$dumpvars", 32'sb00000000000000000000000000000000, S_0x561446758830 {0 0 0};
    %delay 100, 0;
    %pushi/vec4 0, 0, 4;
    %store/vec4 v0x561446779280_0, 0, 4;
    %delay 100, 0;
    %pushi/vec4 1, 0, 4;
    %store/vec4 v0x561446779280_0, 0, 4;
    %delay 100, 0;
    %pushi/vec4 15, 0, 4;
    %store/vec4 v0x561446779280_0, 0, 4;
    %delay 100, 0;
    %vpi_call 2 21 "$finish" {0 0 0};
    %end;
    .thread T_0;
# The file index is used to find the file name in the following table.
:file_names 4;
    "N/A";
    "<interactive>";
    "increment_tb.v";
    "./increment.v";
