#! /usr/bin/vvp
:ivl_version "10.1 (stable)";
:ivl_delay_selection "TYPICAL";
:vpi_time_precision - 3;
:vpi_module "system";
:vpi_module "vhdl_sys";
:vpi_module "v2005_math";
:vpi_module "va_math";
S_0x55a2c871f420 .scope module, "mux_tb" "mux_tb" 2 4;
 .timescale -2 -3;
v0x55a2c873fae0_0 .var "i", 63 0;
v0x55a2c873fbd0_0 .var "s", 5 0;
v0x55a2c873fca0_0 .net "x", 0 0, v0x55a2c873f9c0_0;  1 drivers
S_0x55a2c871f5a0 .scope module, "uut" "mux" 2 11, 3 1 0, S_0x55a2c871f420;
 .timescale -2 -3;
    .port_info 0 /OUTPUT 1 "x"
    .port_info 1 /INPUT 64 "unnamed"
    .port_info 2 /INPUT 6 "s"
v0x55a2c871f7e0_0 .net "i", 63 0, v0x55a2c873fae0_0;  1 drivers
v0x55a2c873f8e0_0 .net "s", 5 0, v0x55a2c873fbd0_0;  1 drivers
v0x55a2c873f9c0_0 .var "x", 0 0;
E_0x55a2c871a6a0 .event edge, v0x55a2c873f8e0_0, v0x55a2c871f7e0_0;
    .scope S_0x55a2c871f5a0;
T_0 ;
    %wait E_0x55a2c871a6a0;
    %load/vec4 v0x55a2c871f7e0_0;
    %load/vec4 v0x55a2c873f8e0_0;
    %part/u 1;
    %store/vec4 v0x55a2c873f9c0_0, 0, 1;
    %jmp T_0;
    .thread T_0, $push;
    .scope S_0x55a2c871f420;
T_1 ;
    %vpi_call 2 14 "$dumpfile", "mux.vcd" {0 0 0};
    %vpi_call 2 15 "$dumpvars", 32'sb00000000000000000000000000000000, S_0x55a2c871f420 {0 0 0};
    %delay 100, 0;
    %vpi_func 2 18 "$urandom" 32 {0 0 0};
    %pad/u 64;
    %pushi/vec4 64, 0, 64;
    %mod;
    %store/vec4 v0x55a2c873fae0_0, 0, 64;
    %pushi/vec4 0, 0, 1;
    %ix/load 4, 0, 0;
    %flag_set/imm 4, 0;
    %store/vec4 v0x55a2c873fae0_0, 4, 1;
    %pushi/vec4 1, 0, 1;
    %ix/load 4, 4, 0;
    %flag_set/imm 4, 0;
    %store/vec4 v0x55a2c873fae0_0, 4, 1;
    %pushi/vec4 1, 0, 1;
    %ix/load 4, 21, 0;
    %flag_set/imm 4, 0;
    %store/vec4 v0x55a2c873fae0_0, 4, 1;
    %pushi/vec4 0, 0, 6;
    %store/vec4 v0x55a2c873fbd0_0, 0, 6;
    %delay 100, 0;
    %pushi/vec4 4, 0, 6;
    %store/vec4 v0x55a2c873fbd0_0, 0, 6;
    %delay 100, 0;
    %pushi/vec4 21, 0, 6;
    %store/vec4 v0x55a2c873fbd0_0, 0, 6;
    %delay 100, 0;
    %vpi_call 2 26 "$finish" {0 0 0};
    %end;
    .thread T_1;
# The file index is used to find the file name in the following table.
:file_names 4;
    "N/A";
    "<interactive>";
    "mux_tb.v";
    "./mux.v";
