#! /usr/bin/vvp
:ivl_version "10.1 (stable)";
:ivl_delay_selection "TYPICAL";
:vpi_time_precision - 3;
:vpi_module "system";
:vpi_module "vhdl_sys";
:vpi_module "v2005_math";
:vpi_module "va_math";
S_0x55bb78361480 .scope module, "xor4_tb" "xor4_tb" 2 4;
 .timescale -2 -3;
v0x55bb78381ae0_0 .var "a", 3 0;
v0x55bb78381bd0_0 .var "b", 3 0;
v0x55bb78381ca0_0 .net "y", 3 0, L_0x55bb78381da0;  1 drivers
S_0x55bb78361600 .scope module, "uut" "xor4" 2 9, 3 1 0, S_0x55bb78361480;
 .timescale -2 -3;
    .port_info 0 /INPUT 4 "a"
    .port_info 1 /INPUT 4 "b"
    .port_info 2 /OUTPUT 4 "y"
L_0x55bb78381da0 .functor XOR 4, v0x55bb78381ae0_0, v0x55bb78381bd0_0, C4<0000>, C4<0000>;
v0x55bb78361820_0 .net "a", 3 0, v0x55bb78381ae0_0;  1 drivers
v0x55bb783818c0_0 .net "b", 3 0, v0x55bb78381bd0_0;  1 drivers
v0x55bb783819a0_0 .net "y", 3 0, L_0x55bb78381da0;  alias, 1 drivers
    .scope S_0x55bb78361480;
T_0 ;
    %vpi_call 2 12 "$dumpfile", "xor4.vcd" {0 0 0};
    %vpi_call 2 13 "$dumpvars", 32'sb00000000000000000000000000000000, S_0x55bb78361480 {0 0 0};
    %delay 100, 0;
    %pushi/vec4 3, 0, 4;
    %store/vec4 v0x55bb78381ae0_0, 0, 4;
    %pushi/vec4 10, 0, 4;
    %store/vec4 v0x55bb78381bd0_0, 0, 4;
    %delay 100, 0;
    %pushi/vec4 7, 0, 4;
    %store/vec4 v0x55bb78381ae0_0, 0, 4;
    %pushi/vec4 14, 0, 4;
    %store/vec4 v0x55bb78381bd0_0, 0, 4;
    %delay 100, 0;
    %pushi/vec4 11, 0, 4;
    %store/vec4 v0x55bb78381ae0_0, 0, 4;
    %pushi/vec4 2, 0, 4;
    %store/vec4 v0x55bb78381bd0_0, 0, 4;
    %delay 100, 0;
    %pushi/vec4 15, 0, 4;
    %store/vec4 v0x55bb78381ae0_0, 0, 4;
    %pushi/vec4 0, 0, 4;
    %store/vec4 v0x55bb78381bd0_0, 0, 4;
    %delay 100, 0;
    %vpi_call 2 22 "$finish" {0 0 0};
    %end;
    .thread T_0;
# The file index is used to find the file name in the following table.
:file_names 4;
    "N/A";
    "<interactive>";
    "xor4_tb.v";
    "./xor4.v";
